<?xml version="1.0" encoding="UTF-8"?>
<testng-results ignored="0" total="3" passed="3" failed="0" skipped="0">
  <reporter-output>
  </reporter-output>
  <suite started-at="2022-02-15T06:20:42Z" name="Default suite" finished-at="2022-02-15T06:24:09Z" duration-ms="207550">
    <groups>
      <group name="cucumber">
        <method signature="AbstractTestNGCucumberTests.feature(cucumber.api.testng.CucumberFeatureWrapper)[pri:0, instance:runner.TestRunner@488d1cd7]" name="feature" class="cucumber.api.testng.AbstractTestNGCucumberTests"/>
      </group> <!-- cucumber -->
    </groups>
    <test started-at="2022-02-15T06:20:42Z" name="Default test" finished-at="2022-02-15T06:24:09Z" duration-ms="207550">
      <class name="runner.TestRunner">
        <test-method is-config="true" signature="setUpClass()[pri:0, instance:runner.TestRunner@488d1cd7]" started-at="2022-02-15T11:50:42Z" name="setUpClass" finished-at="2022-02-15T11:50:42Z" duration-ms="185" status="PASS">
          <reporter-output>
          </reporter-output>
        </test-method> <!-- setUpClass -->
        <test-method signature="feature(cucumber.api.testng.CucumberFeatureWrapper)[pri:0, instance:runner.TestRunner@488d1cd7]" started-at="2022-02-15T11:50:42Z" name="feature" description="Runs Cucumber Feature" data-provider="features" finished-at="2022-02-15T11:51:33Z" duration-ms="51286" status="PASS">
          <params>
            <param index="0">
              <value>
                <![CDATA[Choose city from this page.]]>
              </value>
            </param>
          </params>
          <reporter-output>
          </reporter-output>
        </test-method> <!-- feature -->
        <test-method signature="feature(cucumber.api.testng.CucumberFeatureWrapper)[pri:0, instance:runner.TestRunner@488d1cd7]" started-at="2022-02-15T11:51:33Z" name="feature" description="Runs Cucumber Feature" data-provider="features" finished-at="2022-02-15T11:52:58Z" duration-ms="84706" status="PASS">
          <params>
            <param index="0">
              <value>
                <![CDATA[Sign up test with a valid and invalid data in workindia app]]>
              </value>
            </param>
          </params>
          <reporter-output>
          </reporter-output>
        </test-method> <!-- feature -->
        <test-method signature="feature(cucumber.api.testng.CucumberFeatureWrapper)[pri:0, instance:runner.TestRunner@488d1cd7]" started-at="2022-02-15T11:52:58Z" name="feature" description="Runs Cucumber Feature" data-provider="features" finished-at="2022-02-15T11:54:09Z" duration-ms="71250" status="PASS">
          <params>
            <param index="0">
              <value>
                <![CDATA[Provide details  of user.]]>
              </value>
            </param>
          </params>
          <reporter-output>
          </reporter-output>
        </test-method> <!-- feature -->
        <test-method is-config="true" signature="tearDownClass()[pri:0, instance:runner.TestRunner@488d1cd7]" started-at="2022-02-15T11:54:09Z" name="tearDownClass" finished-at="2022-02-15T11:54:09Z" duration-ms="29" status="PASS">
          <reporter-output>
          </reporter-output>
        </test-method> <!-- tearDownClass -->
      </class> <!-- runner.TestRunner -->
    </test> <!-- Default test -->
  </suite> <!-- Default suite -->
</testng-results>
