<?xml version="1.0" encoding="UTF-8"?>
<!-- Generated by org.testng.reporters.JUnitXMLReporter -->
<testsuite ignored="0" hostname="IN-PG02NJQY" failures="0" tests="3" name="Default test" time="207.55" errors="0" timestamp="15 Feb 2022 06:24:09 GMT">
  <testcase classname="cucumber.api.testng.AbstractTestNGCucumberTests" name="feature" time="51.286"/>
  <testcase classname="cucumber.api.testng.AbstractTestNGCucumberTests" name="feature" time="84.706"/>
  <testcase classname="cucumber.api.testng.AbstractTestNGCucumberTests" name="feature" time="71.25"/>
</testsuite> <!-- Default test -->
